<?xml version="1.0" encoding="UTF-8"?>
<testsuite xmlns:xsi="http://www.w3.org/2001/XMLSchema-instance" xsi:noNamespaceSchemaLocation="https://maven.apache.org/surefire/maven-surefire-plugin/xsd/surefire-test-report.xsd" name="tests.ProvaTests" time="15.225" tests="2" errors="0" skipped="0" failures="0">
  <properties>
[...]
</properties>
  <testcase name="testSecondChallenge" classname="tests.ProvaTests" time="10.809"/>
  <testcase name="testFirstChallenge" classname="tests.ProvaTests" time="4.164"/>
</testsuite>